<?xml version="1.0" encoding="UTF-8"?>
<!-- Generated by org.testng.reporters.JUnitReportReporter -->
<testsuite hostname="TYSS-Pritam-Pramanick" failures="0" tests="1" name="ddtUsingXML.ReadDataFromTestNG_XMLTest" time="0.010" errors="0" timestamp="2024-10-04T22:25:53 IST" skipped="0">
  <testcase classname="ddtUsingXML.ReadDataFromTestNG_XMLTest" name="sampleTest" time="0.010"/>
  <system-out/>
</testsuite> <!-- ddtUsingXML.ReadDataFromTestNG_XMLTest -->
