<?xml version="1.0" encoding="UTF-8"?>
<!-- Generated by org.testng.reporters.JUnitReportReporter -->
<testsuite hostname="TYSS-Pritam-Pramanick" failures="0" tests="1" name="ddtusingJDBC.Jdbc_to_VTiger" time="17.358" errors="0" timestamp="2024-10-09T18:30:12 IST" skipped="0">
  <testcase classname="ddtusingJDBC.Jdbc_to_VTiger" name="fetchDataFromJdbc" time="17.358"/>
  <system-out/>
</testsuite> <!-- ddtusingJDBC.Jdbc_to_VTiger -->
